<?xml version="1.0" encoding="UTF-8"?>
<testsuite name="HashTest" tests="1" skipped="0" failures="0" errors="0" timestamp="2019-06-25T22:39:29" hostname="homeui-MacBookPro.local" time="0.002">
  <properties/>
  <testcase name="hashSizeTest" classname="HashTest" time="0.002"/>
  <system-out><![CDATA[]]></system-out>
  <system-err><![CDATA[]]></system-err>
</testsuite>
